# JRE version: Java(TM) SE Runtime Environment (7.0_80-b15) (build 1.7.0_80-b15)
# Java VM: Java HotSpot(TM) 64-Bit Server VM (24.80-b11 mixed mode linux-amd64 compressed oops)
Heap
 PSYoungGen      total 141824K, used 50155K [0x00000000eaa80000, 0x00000000f7700000, 0x0000000100000000)
  eden space 91648K, 0% used [0x00000000eaa80000,0x00000000eaa80000,0x00000000f0400000)
  from space 50176K, 99% used [0x00000000f0400000,0x00000000f34faf88,0x00000000f3500000)
  to   space 38400K, 0% used [0x00000000f3500000,0x00000000f3500000,0x00000000f5a80000)
 ParOldGen       total 101888K, used 89611K [0x00000000c0000000, 0x00000000c6380000, 0x00000000eaa80000)
  object space 101888K, 87% used [0x00000000c0000000,0x00000000c5782f10,0x00000000c6380000)
 PSPermGen       total 21504K, used 5565K [0x00000000bae00000, 0x00000000bc300000, 0x00000000c0000000)
  object space 21504K, 25% used [0x00000000bae00000,0x00000000bb36f5c8,0x00000000bc300000)
GC Heap History (10 events):
Event: 14,171 GC heap after
Heap after GC invocations=6 (full 1):
 PSYoungGen      total 65536K, used 2048K [0x00000000eaa80000, 0x00000000f2880000, 0x0000000100000000)
  eden space 63488K, 0% used [0x00000000eaa80000,0x00000000eaa80000,0x00000000ee880000)
  from space 2048K, 100% used [0x00000000ee880000,0x00000000eea80000,0x00000000eea80000)
  to   space 28160K, 0% used [0x00000000f0d00000,0x00000000f0d00000,0x00000000f2880000)
 ParOldGen       total 84480K, used 55553K [0x00000000c0000000, 0x00000000c5280000, 0x00000000eaa80000)
  object space 84480K, 65% used [0x00000000c0000000,0x00000000c3640750,0x00000000c5280000)
 PSPermGen       total 21504K, used 5534K [0x00000000bae00000, 0x00000000bc300000, 0x00000000c0000000)
  object space 21504K, 25% used [0x00000000bae00000,0x00000000bb367a38,0x00000000bc300000)
}
Event: 14,310 GC heap before
{Heap before GC invocations=7 (full 1):
 PSYoungGen      total 65536K, used 65536K [0x00000000eaa80000, 0x00000000f2880000, 0x0000000100000000)
  eden space 63488K, 100% used [0x00000000eaa80000,0x00000000ee880000,0x00000000ee880000)
  from space 2048K, 100% used [0x00000000ee880000,0x00000000eea80000,0x00000000eea80000)
  to   space 28160K, 0% used [0x00000000f0d00000,0x00000000f0d00000,0x00000000f2880000)
 ParOldGen       total 84480K, used 55553K [0x00000000c0000000, 0x00000000c5280000, 0x00000000eaa80000)
  object space 84480K, 65% used [0x00000000c0000000,0x00000000c3640750,0x00000000c5280000)
 PSPermGen       total 21504K, used 5534K [0x00000000bae00000, 0x00000000bc300000, 0x00000000c0000000)
  object space 21504K, 25% used [0x00000000bae00000,0x00000000bb367a58,0x00000000bc300000)
Event: 14,390 GC heap after
Heap after GC invocations=7 (full 1):
 PSYoungGen      total 90112K, used 28135K [0x00000000eaa80000, 0x00000000f5b00000, 0x0000000100000000)
  eden space 61952K, 0% used [0x00000000eaa80000,0x00000000eaa80000,0x00000000ee700000)
  from space 28160K, 99% used [0x00000000f0d00000,0x00000000f2879f88,0x00000000f2880000)
  to   space 38912K, 0% used [0x00000000ee700000,0x00000000ee700000,0x00000000f0d00000)
 ParOldGen       total 84480K, used 64697K [0x00000000c0000000, 0x00000000c5280000, 0x00000000eaa80000)
  object space 84480K, 76% used [0x00000000c0000000,0x00000000c3f2e750,0x00000000c5280000)
 PSPermGen       total 21504K, used 5534K [0x00000000bae00000, 0x00000000bc300000, 0x00000000c0000000)
  object space 21504K, 25% used [0x00000000bae00000,0x00000000bb367a58,0x00000000bc300000)
}
Event: 14,390 GC heap before
{Heap before GC invocations=8 (full 2):
 PSYoungGen      total 90112K, used 28135K [0x00000000eaa80000, 0x00000000f5b00000, 0x0000000100000000)
  eden space 61952K, 0% used [0x00000000eaa80000,0x00000000eaa80000,0x00000000ee700000)
  from space 28160K, 99% used [0x00000000f0d00000,0x00000000f2879f88,0x00000000f2880000)
  to   space 38912K, 0% used [0x00000000ee700000,0x00000000ee700000,0x00000000f0d00000)
 ParOldGen       total 84480K, used 64697K [0x00000000c0000000, 0x00000000c5280000, 0x00000000eaa80000)
  object space 84480K, 76% used [0x00000000c0000000,0x00000000c3f2e750,0x00000000c5280000)
 PSPermGen       total 21504K, used 5534K [0x00000000bae00000, 0x00000000bc300000, 0x00000000c0000000)
  object space 21504K, 25% used [0x00000000bae00000,0x00000000bb367a58,0x00000000bc300000)
Event: 14,742 GC heap after
Heap after GC invocations=8 (full 2):
 PSYoungGen      total 90112K, used 0K [0x00000000eaa80000, 0x00000000f5b00000, 0x0000000100000000)
  eden space 61952K, 0% used [0x00000000eaa80000,0x00000000eaa80000,0x00000000ee700000)
  from space 28160K, 0% used [0x00000000f0d00000,0x00000000f0d00000,0x00000000f2880000)
  to   space 38912K, 0% used [0x00000000ee700000,0x00000000ee700000,0x00000000f0d00000)
 ParOldGen       total 101888K, used 48240K [0x00000000c0000000, 0x00000000c6380000, 0x00000000eaa80000)
  object space 101888K, 47% used [0x00000000c0000000,0x00000000c2f1c118,0x00000000c6380000)
 PSPermGen       total 21504K, used 5533K [0x00000000bae00000, 0x00000000bc300000, 0x00000000c0000000)
  object space 21504K, 25% used [0x00000000bae00000,0x00000000bb367638,0x00000000bc300000)
}
Event: 18,145 GC heap before
{Heap before GC invocations=9 (full 2):
 PSYoungGen      total 90112K, used 61952K [0x00000000eaa80000, 0x00000000f5b00000, 0x0000000100000000)
  eden space 61952K, 100% used [0x00000000eaa80000,0x00000000ee700000,0x00000000ee700000)
  from space 28160K, 0% used [0x00000000f0d00000,0x00000000f0d00000,0x00000000f2880000)
  to   space 38912K, 0% used [0x00000000ee700000,0x00000000ee700000,0x00000000f0d00000)
 ParOldGen       total 101888K, used 48240K [0x00000000c0000000, 0x00000000c6380000, 0x00000000eaa80000)
  object space 101888K, 47% used [0x00000000c0000000,0x00000000c2f1c118,0x00000000c6380000)
 PSPermGen       total 21504K, used 5548K [0x00000000bae00000, 0x00000000bc300000, 0x00000000c0000000)
  object space 21504K, 25% used [0x00000000bae00000,0x00000000bb36b210,0x00000000bc300000)
Event: 18,306 GC heap after
Heap after GC invocations=9 (full 2):
 PSYoungGen      total 100864K, used 22030K [0x00000000eaa80000, 0x00000000f5a80000, 0x0000000100000000)
  eden space 61952K, 0% used [0x00000000eaa80000,0x00000000eaa80000,0x00000000ee700000)
  from space 38912K, 56% used [0x00000000ee700000,0x00000000efc83978,0x00000000f0d00000)
  to   space 38400K, 0% used [0x00000000f3500000,0x00000000f3500000,0x00000000f5a80000)
 ParOldGen       total 101888K, used 48240K [0x00000000c0000000, 0x00000000c6380000, 0x00000000eaa80000)
  object space 101888K, 47% used [0x00000000c0000000,0x00000000c2f1c118,0x00000000c6380000)
 PSPermGen       total 21504K, used 5548K [0x00000000bae00000, 0x00000000bc300000, 0x00000000c0000000)
  object space 21504K, 25% used [0x00000000bae00000,0x00000000bb36b210,0x00000000bc300000)
}
Event: 18,667 GC heap before
{Heap before GC invocations=10 (full 2):
 PSYoungGen      total 100864K, used 83982K [0x00000000eaa80000, 0x00000000f5a80000, 0x0000000100000000)
  eden space 61952K, 100% used [0x00000000eaa80000,0x00000000ee700000,0x00000000ee700000)
  from space 38912K, 56% used [0x00000000ee700000,0x00000000efc83978,0x00000000f0d00000)
  to   space 38400K, 0% used [0x00000000f3500000,0x00000000f3500000,0x00000000f5a80000)
 ParOldGen       total 101888K, used 48240K [0x00000000c0000000, 0x00000000c6380000, 0x00000000eaa80000)
  object space 101888K, 47% used [0x00000000c0000000,0x00000000c2f1c118,0x00000000c6380000)
 PSPermGen       total 21504K, used 5548K [0x00000000bae00000, 0x00000000bc300000, 0x00000000c0000000)
  object space 21504K, 25% used [0x00000000bae00000,0x00000000bb36b210,0x00000000bc300000)
Event: 18,925 GC heap after
Heap after GC invocations=10 (full 2):
 PSYoungGen      total 130048K, used 38372K [0x00000000eaa80000, 0x00000000f7700000, 0x0000000100000000)
  eden space 91648K, 0% used [0x00000000eaa80000,0x00000000eaa80000,0x00000000f0400000)
  from space 38400K, 99% used [0x00000000f3500000,0x00000000f5a790d8,0x00000000f5a80000)
  to   space 50176K, 0% used [0x00000000f0400000,0x00000000f0400000,0x00000000f3500000)
 ParOldGen       total 101888K, used 60760K [0x00000000c0000000, 0x00000000c6380000, 0x00000000eaa80000)
  object space 101888K, 59% used [0x00000000c0000000,0x00000000c3b56118,0x00000000c6380000)
 PSPermGen       total 21504K, used 5548K [0x00000000bae00000, 0x00000000bc300000, 0x00000000c0000000)
  object space 21504K, 25% used [0x00000000bae00000,0x00000000bb36b210,0x00000000bc300000)
}
Event: 21,428 GC heap before
{Heap before GC invocations=11 (full 2):
 PSYoungGen      total 130048K, used 130020K [0x00000000eaa80000, 0x00000000f7700000, 0x0000000100000000)
  eden space 91648K, 100% used [0x00000000eaa80000,0x00000000f0400000,0x00000000f0400000)
  from space 38400K, 99% used [0x00000000f3500000,0x00000000f5a790d8,0x00000000f5a80000)
  to   space 50176K, 0% used [0x00000000f0400000,0x00000000f0400000,0x00000000f3500000)
 ParOldGen       total 101888K, used 60760K [0x00000000c0000000, 0x00000000c6380000, 0x00000000eaa80000)
  object space 101888K, 59% used [0x00000000c0000000,0x00000000c3b56118,0x00000000c6380000)
 PSPermGen       total 21504K, used 5565K [0x00000000bae00000, 0x00000000bc300000, 0x00000000c0000000)
  object space 21504K, 25% used [0x00000000bae00000,0x00000000bb36f5c8,0x00000000bc300000)

