# JRE version: Java(TM) SE Runtime Environment (7.0_80-b15) (build 1.7.0_80-b15)
# Java VM: Java HotSpot(TM) 64-Bit Server VM (24.80-b11 mixed mode linux-amd64 compressed oops)
Heap
 PSYoungGen      total 70144K, used 8182K [0x00000000eaa80000, 0x00000000ef880000, 0x0000000100000000)
  eden space 61952K, 0% used [0x00000000eaa80000,0x00000000eaa80000,0x00000000ee700000)
  from space 8192K, 99% used [0x00000000ee700000,0x00000000eeefd8f0,0x00000000eef00000)
  to   space 6656K, 0% used [0x00000000eef00000,0x00000000eef00000,0x00000000ef580000)
 ParOldGen       total 39424K, used 23138K [0x00000000c0000000, 0x00000000c2680000, 0x00000000eaa80000)
  object space 39424K, 58% used [0x00000000c0000000,0x00000000c1698958,0x00000000c2680000)
 PSPermGen       total 21504K, used 5703K [0x00000000bae00000, 0x00000000bc300000, 0x00000000c0000000)
  object space 21504K, 26% used [0x00000000bae00000,0x00000000bb391e38,0x00000000bc300000)
GC Heap History (10 events):
Event: 5,421 GC heap after
Heap after GC invocations=2 (full 0):
 PSYoungGen      total 17920K, used 2039K [0x00000000eaa80000, 0x00000000ecd80000, 0x0000000100000000)
  eden space 15872K, 0% used [0x00000000eaa80000,0x00000000eaa80000,0x00000000eba00000)
  from space 2048K, 99% used [0x00000000ebc00000,0x00000000ebdfdc88,0x00000000ebe00000)
  to   space 2048K, 0% used [0x00000000eba00000,0x00000000eba00000,0x00000000ebc00000)
 ParOldGen       total 39424K, used 4386K [0x00000000c0000000, 0x00000000c2680000, 0x00000000eaa80000)
  object space 39424K, 11% used [0x00000000c0000000,0x00000000c0448910,0x00000000c2680000)
 PSPermGen       total 21504K, used 5526K [0x00000000bae00000, 0x00000000bc300000, 0x00000000c0000000)
  object space 21504K, 25% used [0x00000000bae00000,0x00000000bb365bb0,0x00000000bc300000)
}
Event: 7,450 GC heap before
{Heap before GC invocations=3 (full 0):
 PSYoungGen      total 17920K, used 17911K [0x00000000eaa80000, 0x00000000ecd80000, 0x0000000100000000)
  eden space 15872K, 100% used [0x00000000eaa80000,0x00000000eba00000,0x00000000eba00000)
  from space 2048K, 99% used [0x00000000ebc00000,0x00000000ebdfdc88,0x00000000ebe00000)
  to   space 2048K, 0% used [0x00000000eba00000,0x00000000eba00000,0x00000000ebc00000)
 ParOldGen       total 39424K, used 4386K [0x00000000c0000000, 0x00000000c2680000, 0x00000000eaa80000)
  object space 39424K, 11% used [0x00000000c0000000,0x00000000c0448910,0x00000000c2680000)
 PSPermGen       total 21504K, used 5569K [0x00000000bae00000, 0x00000000bc300000, 0x00000000c0000000)
  object space 21504K, 25% used [0x00000000bae00000,0x00000000bb370628,0x00000000bc300000)
Event: 7,557 GC heap after
Heap after GC invocations=3 (full 0):
 PSYoungGen      total 17920K, used 2016K [0x00000000eaa80000, 0x00000000ecd80000, 0x0000000100000000)
  eden space 15872K, 0% used [0x00000000eaa80000,0x00000000eaa80000,0x00000000eba00000)
  from space 2048K, 98% used [0x00000000eba00000,0x00000000ebbf82e8,0x00000000ebc00000)
  to   space 2048K, 0% used [0x00000000ecb80000,0x00000000ecb80000,0x00000000ecd80000)
 ParOldGen       total 39424K, used 6625K [0x00000000c0000000, 0x00000000c2680000, 0x00000000eaa80000)
  object space 39424K, 16% used [0x00000000c0000000,0x00000000c06787f8,0x00000000c2680000)
 PSPermGen       total 21504K, used 5569K [0x00000000bae00000, 0x00000000bc300000, 0x00000000c0000000)
  object space 21504K, 25% used [0x00000000bae00000,0x00000000bb370628,0x00000000bc300000)
}
Event: 8,961 GC heap before
{Heap before GC invocations=4 (full 0):
 PSYoungGen      total 17920K, used 17888K [0x00000000eaa80000, 0x00000000ecd80000, 0x0000000100000000)
  eden space 15872K, 100% used [0x00000000eaa80000,0x00000000eba00000,0x00000000eba00000)
  from space 2048K, 98% used [0x00000000eba00000,0x00000000ebbf82e8,0x00000000ebc00000)
  to   space 2048K, 0% used [0x00000000ecb80000,0x00000000ecb80000,0x00000000ecd80000)
 ParOldGen       total 39424K, used 6625K [0x00000000c0000000, 0x00000000c2680000, 0x00000000eaa80000)
  object space 39424K, 16% used [0x00000000c0000000,0x00000000c06787f8,0x00000000c2680000)
 PSPermGen       total 21504K, used 5596K [0x00000000bae00000, 0x00000000bc300000, 0x00000000c0000000)
  object space 21504K, 26% used [0x00000000bae00000,0x00000000bb3770d0,0x00000000bc300000)
Event: 8,982 GC heap after
Heap after GC invocations=4 (full 0):
 PSYoungGen      total 33792K, used 2032K [0x00000000eaa80000, 0x00000000ecd80000, 0x0000000100000000)
  eden space 31744K, 0% used [0x00000000eaa80000,0x00000000eaa80000,0x00000000ec980000)
  from space 2048K, 99% used [0x00000000ecb80000,0x00000000ecd7c2d8,0x00000000ecd80000)
  to   space 2048K, 0% used [0x00000000ec980000,0x00000000ec980000,0x00000000ecb80000)
 ParOldGen       total 39424K, used 8727K [0x00000000c0000000, 0x00000000c2680000, 0x00000000eaa80000)
  object space 39424K, 22% used [0x00000000c0000000,0x00000000c0885fd0,0x00000000c2680000)
 PSPermGen       total 21504K, used 5596K [0x00000000bae00000, 0x00000000bc300000, 0x00000000c0000000)
  object space 21504K, 26% used [0x00000000bae00000,0x00000000bb3770d0,0x00000000bc300000)
}
Event: 11,168 GC heap before
{Heap before GC invocations=5 (full 0):
 PSYoungGen      total 33792K, used 33776K [0x00000000eaa80000, 0x00000000ecd80000, 0x0000000100000000)
  eden space 31744K, 100% used [0x00000000eaa80000,0x00000000ec980000,0x00000000ec980000)
  from space 2048K, 99% used [0x00000000ecb80000,0x00000000ecd7c2d8,0x00000000ecd80000)
  to   space 2048K, 0% used [0x00000000ec980000,0x00000000ec980000,0x00000000ecb80000)
 ParOldGen       total 39424K, used 8727K [0x00000000c0000000, 0x00000000c2680000, 0x00000000eaa80000)
  object space 39424K, 22% used [0x00000000c0000000,0x00000000c0885fd0,0x00000000c2680000)
 PSPermGen       total 21504K, used 5637K [0x00000000bae00000, 0x00000000bc300000, 0x00000000c0000000)
  object space 21504K, 26% used [0x00000000bae00000,0x00000000bb3817e0,0x00000000bc300000)
Event: 11,262 GC heap after
Heap after GC invocations=5 (full 0):
 PSYoungGen      total 33792K, used 2032K [0x00000000eaa80000, 0x00000000ef580000, 0x0000000100000000)
  eden space 31744K, 0% used [0x00000000eaa80000,0x00000000eaa80000,0x00000000ec980000)
  from space 2048K, 99% used [0x00000000ec980000,0x00000000ecb7c2d8,0x00000000ecb80000)
  to   space 6656K, 0% used [0x00000000eef00000,0x00000000eef00000,0x00000000ef580000)
 ParOldGen       total 39424K, used 13840K [0x00000000c0000000, 0x00000000c2680000, 0x00000000eaa80000)
  object space 39424K, 35% used [0x00000000c0000000,0x00000000c0d842f8,0x00000000c2680000)
 PSPermGen       total 21504K, used 5637K [0x00000000bae00000, 0x00000000bc300000, 0x00000000c0000000)
  object space 21504K, 26% used [0x00000000bae00000,0x00000000bb3817e0,0x00000000bc300000)
}
Event: 12,480 GC heap before
{Heap before GC invocations=6 (full 0):
 PSYoungGen      total 33792K, used 33776K [0x00000000eaa80000, 0x00000000ef580000, 0x0000000100000000)
  eden space 31744K, 100% used [0x00000000eaa80000,0x00000000ec980000,0x00000000ec980000)
  from space 2048K, 99% used [0x00000000ec980000,0x00000000ecb7c2d8,0x00000000ecb80000)
  to   space 6656K, 0% used [0x00000000eef00000,0x00000000eef00000,0x00000000ef580000)
 ParOldGen       total 39424K, used 13840K [0x00000000c0000000, 0x00000000c2680000, 0x00000000eaa80000)
  object space 39424K, 35% used [0x00000000c0000000,0x00000000c0d842f8,0x00000000c2680000)
 PSPermGen       total 21504K, used 5664K [0x00000000bae00000, 0x00000000bc300000, 0x00000000c0000000)
  object space 21504K, 26% used [0x00000000bae00000,0x00000000bb3883e8,0x00000000bc300000)
Event: 12,534 GC heap after
Heap after GC invocations=6 (full 0):
 PSYoungGen      total 68608K, used 6630K [0x00000000eaa80000, 0x00000000ef880000, 0x0000000100000000)
  eden space 61952K, 0% used [0x00000000eaa80000,0x00000000eaa80000,0x00000000ee700000)
  from space 6656K, 99% used [0x00000000eef00000,0x00000000ef579908,0x00000000ef580000)
  to   space 8192K, 0% used [0x00000000ee700000,0x00000000ee700000,0x00000000eef00000)
 ParOldGen       total 39424K, used 14971K [0x00000000c0000000, 0x00000000c2680000, 0x00000000eaa80000)
  object space 39424K, 37% used [0x00000000c0000000,0x00000000c0e9ec30,0x00000000c2680000)
 PSPermGen       total 21504K, used 5664K [0x00000000bae00000, 0x00000000bc300000, 0x00000000c0000000)
  object space 21504K, 26% used [0x00000000bae00000,0x00000000bb3883e8,0x00000000bc300000)
}
Event: 44,054 GC heap before
{Heap before GC invocations=7 (full 0):
 PSYoungGen      total 68608K, used 68582K [0x00000000eaa80000, 0x00000000ef880000, 0x0000000100000000)
  eden space 61952K, 100% used [0x00000000eaa80000,0x00000000ee700000,0x00000000ee700000)
  from space 6656K, 99% used [0x00000000eef00000,0x00000000ef579908,0x00000000ef580000)
  to   space 8192K, 0% used [0x00000000ee700000,0x00000000ee700000,0x00000000eef00000)
 ParOldGen       total 39424K, used 14971K [0x00000000c0000000, 0x00000000c2680000, 0x00000000eaa80000)
  object space 39424K, 37% used [0x00000000c0000000,0x00000000c0e9ec30,0x00000000c2680000)
 PSPermGen       total 21504K, used 5703K [0x00000000bae00000, 0x00000000bc300000, 0x00000000c0000000)
  object space 21504K, 26% used [0x00000000bae00000,0x00000000bb391e38,0x00000000bc300000)

