# JRE version: Java(TM) SE Runtime Environment (7.0_80-b15) (build 1.7.0_80-b15)
# Java VM: Java HotSpot(TM) 64-Bit Server VM (24.80-b11 mixed mode linux-amd64 compressed oops)
Heap
 PSYoungGen      total 144896K, used 41976K [0x00000000eaa80000, 0x00000000f6100000, 0x0000000100000000)
  eden space 102912K, 0% used [0x00000000eaa80000,0x00000000eaa80000,0x00000000f0f00000)
  from space 41984K, 99% used [0x00000000f0f00000,0x00000000f37fe350,0x00000000f3800000)
  to   space 35840K, 0% used [0x00000000f3e00000,0x00000000f3e00000,0x00000000f6100000)
 ParOldGen       total 107520K, used 68760K [0x00000000c0000000, 0x00000000c6900000, 0x00000000eaa80000)
  object space 107520K, 63% used [0x00000000c0000000,0x00000000c43263f0,0x00000000c6900000)
 PSPermGen       total 21504K, used 5567K [0x00000000bae00000, 0x00000000bc300000, 0x00000000c0000000)
  object space 21504K, 25% used [0x00000000bae00000,0x00000000bb36ffe8,0x00000000bc300000)
GC Heap History (10 events):
Event: 32,319 GC heap after
Heap after GC invocations=9 (full 2):
 PSYoungGen      total 64512K, used 0K [0x00000000eaa80000, 0x00000000f3000000, 0x0000000100000000)
  eden space 47616K, 0% used [0x00000000eaa80000,0x00000000eaa80000,0x00000000ed900000)
  from space 16896K, 0% used [0x00000000ed900000,0x00000000ed900000,0x00000000ee980000)
  to   space 29696K, 0% used [0x00000000f1300000,0x00000000f1300000,0x00000000f3000000)
 ParOldGen       total 80896K, used 33809K [0x00000000c0000000, 0x00000000c4f00000, 0x00000000eaa80000)
  object space 80896K, 41% used [0x00000000c0000000,0x00000000c21044e0,0x00000000c4f00000)
 PSPermGen       total 21504K, used 5532K [0x00000000bae00000, 0x00000000bc300000, 0x00000000c0000000)
  object space 21504K, 25% used [0x00000000bae00000,0x00000000bb367000,0x00000000bc300000)
}
Event: 33,352 GC heap before
{Heap before GC invocations=10 (full 2):
 PSYoungGen      total 64512K, used 47616K [0x00000000eaa80000, 0x00000000f3000000, 0x0000000100000000)
  eden space 47616K, 100% used [0x00000000eaa80000,0x00000000ed900000,0x00000000ed900000)
  from space 16896K, 0% used [0x00000000ed900000,0x00000000ed900000,0x00000000ee980000)
  to   space 29696K, 0% used [0x00000000f1300000,0x00000000f1300000,0x00000000f3000000)
 ParOldGen       total 80896K, used 33809K [0x00000000c0000000, 0x00000000c4f00000, 0x00000000eaa80000)
  object space 80896K, 41% used [0x00000000c0000000,0x00000000c21044e0,0x00000000c4f00000)
 PSPermGen       total 21504K, used 5533K [0x00000000bae00000, 0x00000000bc300000, 0x00000000c0000000)
  object space 21504K, 25% used [0x00000000bae00000,0x00000000bb367448,0x00000000bc300000)
Event: 33,448 GC heap after
Heap after GC invocations=10 (full 2):
 PSYoungGen      total 107520K, used 17142K [0x00000000eaa80000, 0x00000000f3000000, 0x0000000100000000)
  eden space 77824K, 0% used [0x00000000eaa80000,0x00000000eaa80000,0x00000000ef680000)
  from space 29696K, 57% used [0x00000000f1300000,0x00000000f23bd800,0x00000000f3000000)
  to   space 29184K, 0% used [0x00000000ef680000,0x00000000ef680000,0x00000000f1300000)
 ParOldGen       total 80896K, used 33809K [0x00000000c0000000, 0x00000000c4f00000, 0x00000000eaa80000)
  object space 80896K, 41% used [0x00000000c0000000,0x00000000c21044e0,0x00000000c4f00000)
 PSPermGen       total 21504K, used 5533K [0x00000000bae00000, 0x00000000bc300000, 0x00000000c0000000)
  object space 21504K, 25% used [0x00000000bae00000,0x00000000bb367448,0x00000000bc300000)
}
Event: 40,615 GC heap before
{Heap before GC invocations=11 (full 2):
 PSYoungGen      total 107520K, used 94966K [0x00000000eaa80000, 0x00000000f3000000, 0x0000000100000000)
  eden space 77824K, 100% used [0x00000000eaa80000,0x00000000ef680000,0x00000000ef680000)
  from space 29696K, 57% used [0x00000000f1300000,0x00000000f23bd800,0x00000000f3000000)
  to   space 29184K, 0% used [0x00000000ef680000,0x00000000ef680000,0x00000000f1300000)
 ParOldGen       total 80896K, used 33809K [0x00000000c0000000, 0x00000000c4f00000, 0x00000000eaa80000)
  object space 80896K, 41% used [0x00000000c0000000,0x00000000c21044e0,0x00000000c4f00000)
 PSPermGen       total 21504K, used 5546K [0x00000000bae00000, 0x00000000bc300000, 0x00000000c0000000)
  object space 21504K, 25% used [0x00000000bae00000,0x00000000bb36aa20,0x00000000bc300000)
Event: 40,876 GC heap after
Heap after GC invocations=11 (full 2):
 PSYoungGen      total 107008K, used 29176K [0x00000000eaa80000, 0x00000000f6900000, 0x0000000100000000)
  eden space 77824K, 0% used [0x00000000eaa80000,0x00000000eaa80000,0x00000000ef680000)
  from space 29184K, 99% used [0x00000000ef680000,0x00000000f12fe110,0x00000000f1300000)
  to   space 44032K, 0% used [0x00000000f3e00000,0x00000000f3e00000,0x00000000f6900000)
 ParOldGen       total 80896K, used 59734K [0x00000000c0000000, 0x00000000c4f00000, 0x00000000eaa80000)
  object space 80896K, 73% used [0x00000000c0000000,0x00000000c3a55800,0x00000000c4f00000)
 PSPermGen       total 21504K, used 5546K [0x00000000bae00000, 0x00000000bc300000, 0x00000000c0000000)
  object space 21504K, 25% used [0x00000000bae00000,0x00000000bb36aa20,0x00000000bc300000)
}
Event: 40,877 GC heap before
{Heap before GC invocations=12 (full 3):
 PSYoungGen      total 107008K, used 29176K [0x00000000eaa80000, 0x00000000f6900000, 0x0000000100000000)
  eden space 77824K, 0% used [0x00000000eaa80000,0x00000000eaa80000,0x00000000ef680000)
  from space 29184K, 99% used [0x00000000ef680000,0x00000000f12fe110,0x00000000f1300000)
  to   space 44032K, 0% used [0x00000000f3e00000,0x00000000f3e00000,0x00000000f6900000)
 ParOldGen       total 80896K, used 59734K [0x00000000c0000000, 0x00000000c4f00000, 0x00000000eaa80000)
  object space 80896K, 73% used [0x00000000c0000000,0x00000000c3a55800,0x00000000c4f00000)
 PSPermGen       total 21504K, used 5546K [0x00000000bae00000, 0x00000000bc300000, 0x00000000c0000000)
  object space 21504K, 25% used [0x00000000bae00000,0x00000000bb36aa20,0x00000000bc300000)
Event: 41,626 GC heap after
Heap after GC invocations=12 (full 3):
 PSYoungGen      total 107008K, used 0K [0x00000000eaa80000, 0x00000000f6900000, 0x0000000100000000)
  eden space 77824K, 0% used [0x00000000eaa80000,0x00000000eaa80000,0x00000000ef680000)
  from space 29184K, 0% used [0x00000000ef680000,0x00000000ef680000,0x00000000f1300000)
  to   space 44032K, 0% used [0x00000000f3e00000,0x00000000f3e00000,0x00000000f6900000)
 ParOldGen       total 107520K, used 46800K [0x00000000c0000000, 0x00000000c6900000, 0x00000000eaa80000)
  object space 107520K, 43% used [0x00000000c0000000,0x00000000c2db42b8,0x00000000c6900000)
 PSPermGen       total 21504K, used 5545K [0x00000000bae00000, 0x00000000bc300000, 0x00000000c0000000)
  object space 21504K, 25% used [0x00000000bae00000,0x00000000bb36a760,0x00000000bc300000)
}
Event: 44,115 GC heap before
{Heap before GC invocations=13 (full 3):
 PSYoungGen      total 107008K, used 77824K [0x00000000eaa80000, 0x00000000f6900000, 0x0000000100000000)
  eden space 77824K, 100% used [0x00000000eaa80000,0x00000000ef680000,0x00000000ef680000)
  from space 29184K, 0% used [0x00000000ef680000,0x00000000ef680000,0x00000000f1300000)
  to   space 44032K, 0% used [0x00000000f3e00000,0x00000000f3e00000,0x00000000f6900000)
 ParOldGen       total 107520K, used 46800K [0x00000000c0000000, 0x00000000c6900000, 0x00000000eaa80000)
  object space 107520K, 43% used [0x00000000c0000000,0x00000000c2db42b8,0x00000000c6900000)
 PSPermGen       total 21504K, used 5561K [0x00000000bae00000, 0x00000000bc300000, 0x00000000c0000000)
  object space 21504K, 25% used [0x00000000bae00000,0x00000000bb36e518,0x00000000bc300000)
Event: 44,320 GC heap after
Heap after GC invocations=13 (full 3):
 PSYoungGen      total 138752K, used 20119K [0x00000000eaa80000, 0x00000000f6100000, 0x0000000100000000)
  eden space 102912K, 0% used [0x00000000eaa80000,0x00000000eaa80000,0x00000000f0f00000)
  from space 35840K, 56% used [0x00000000f3e00000,0x00000000f51a5f18,0x00000000f6100000)
  to   space 41984K, 0% used [0x00000000f0f00000,0x00000000f0f00000,0x00000000f3800000)
 ParOldGen       total 107520K, used 46800K [0x00000000c0000000, 0x00000000c6900000, 0x00000000eaa80000)
  object space 107520K, 43% used [0x00000000c0000000,0x00000000c2db42b8,0x00000000c6900000)
 PSPermGen       total 21504K, used 5561K [0x00000000bae00000, 0x00000000bc300000, 0x00000000c0000000)
  object space 21504K, 25% used [0x00000000bae00000,0x00000000bb36e518,0x00000000bc300000)
}
Event: 49,472 GC heap before
{Heap before GC invocations=14 (full 3):
 PSYoungGen      total 138752K, used 123031K [0x00000000eaa80000, 0x00000000f6100000, 0x0000000100000000)
  eden space 102912K, 100% used [0x00000000eaa80000,0x00000000f0f00000,0x00000000f0f00000)
  from space 35840K, 56% used [0x00000000f3e00000,0x00000000f51a5f18,0x00000000f6100000)
  to   space 41984K, 0% used [0x00000000f0f00000,0x00000000f0f00000,0x00000000f3800000)
 ParOldGen       total 107520K, used 46800K [0x00000000c0000000, 0x00000000c6900000, 0x00000000eaa80000)
  object space 107520K, 43% used [0x00000000c0000000,0x00000000c2db42b8,0x00000000c6900000)
 PSPermGen       total 21504K, used 5567K [0x00000000bae00000, 0x00000000bc300000, 0x00000000c0000000)
  object space 21504K, 25% used [0x00000000bae00000,0x00000000bb36ffe8,0x00000000bc300000)

