# JRE version: Java(TM) SE Runtime Environment (7.0_80-b15) (build 1.7.0_80-b15)
# Java VM: Java HotSpot(TM) 64-Bit Server VM (24.80-b11 mixed mode linux-amd64 compressed oops)
Heap
 PSYoungGen      total 127488K, used 47614K [0x00000000eaa80000, 0x00000000f6980000, 0x0000000100000000)
  eden space 79872K, 0% used [0x00000000eaa80000,0x00000000eaa80000,0x00000000ef880000)
  from space 47616K, 99% used [0x00000000ef880000,0x00000000f26ff9f0,0x00000000f2700000)
  to   space 35840K, 0% used [0x00000000f2700000,0x00000000f2700000,0x00000000f4a00000)
 ParOldGen       total 102912K, used 76918K [0x00000000c0000000, 0x00000000c6480000, 0x00000000eaa80000)
  object space 102912K, 74% used [0x00000000c0000000,0x00000000c4b1da88,0x00000000c6480000)
 PSPermGen       total 21504K, used 5568K [0x00000000bae00000, 0x00000000bc300000, 0x00000000c0000000)
  object space 21504K, 25% used [0x00000000bae00000,0x00000000bb370218,0x00000000bc300000)
GC Heap History (10 events):
Event: 14,261 GC heap after
Heap after GC invocations=6 (full 1):
 PSYoungGen      total 65536K, used 2016K [0x00000000eaa80000, 0x00000000f2280000, 0x0000000100000000)
  eden space 63488K, 0% used [0x00000000eaa80000,0x00000000eaa80000,0x00000000ee880000)
  from space 2048K, 98% used [0x00000000ee880000,0x00000000eea78010,0x00000000eea80000)
  to   space 26624K, 0% used [0x00000000f0880000,0x00000000f0880000,0x00000000f2280000)
 ParOldGen       total 84992K, used 54025K [0x00000000c0000000, 0x00000000c5300000, 0x00000000eaa80000)
  object space 84992K, 63% used [0x00000000c0000000,0x00000000c34c25f8,0x00000000c5300000)
 PSPermGen       total 21504K, used 5535K [0x00000000bae00000, 0x00000000bc300000, 0x00000000c0000000)
  object space 21504K, 25% used [0x00000000bae00000,0x00000000bb367d00,0x00000000bc300000)
}
Event: 14,751 GC heap before
{Heap before GC invocations=7 (full 1):
 PSYoungGen      total 65536K, used 65504K [0x00000000eaa80000, 0x00000000f2280000, 0x0000000100000000)
  eden space 63488K, 100% used [0x00000000eaa80000,0x00000000ee880000,0x00000000ee880000)
  from space 2048K, 98% used [0x00000000ee880000,0x00000000eea78010,0x00000000eea80000)
  to   space 26624K, 0% used [0x00000000f0880000,0x00000000f0880000,0x00000000f2280000)
 ParOldGen       total 84992K, used 54025K [0x00000000c0000000, 0x00000000c5300000, 0x00000000eaa80000)
  object space 84992K, 63% used [0x00000000c0000000,0x00000000c34c25f8,0x00000000c5300000)
 PSPermGen       total 21504K, used 5535K [0x00000000bae00000, 0x00000000bc300000, 0x00000000c0000000)
  object space 21504K, 25% used [0x00000000bae00000,0x00000000bb367d40,0x00000000bc300000)
Event: 14,865 GC heap after
Heap after GC invocations=7 (full 1):
 PSYoungGen      total 84480K, used 26610K [0x00000000eaa80000, 0x00000000f5480000, 0x0000000100000000)
  eden space 57856K, 0% used [0x00000000eaa80000,0x00000000eaa80000,0x00000000ee300000)
  from space 26624K, 99% used [0x00000000f0880000,0x00000000f227cb98,0x00000000f2280000)
  to   space 38400K, 0% used [0x00000000ee300000,0x00000000ee300000,0x00000000f0880000)
 ParOldGen       total 84992K, used 65513K [0x00000000c0000000, 0x00000000c5300000, 0x00000000eaa80000)
  object space 84992K, 77% used [0x00000000c0000000,0x00000000c3ffa5f8,0x00000000c5300000)
 PSPermGen       total 21504K, used 5535K [0x00000000bae00000, 0x00000000bc300000, 0x00000000c0000000)
  object space 21504K, 25% used [0x00000000bae00000,0x00000000bb367d40,0x00000000bc300000)
}
Event: 14,865 GC heap before
{Heap before GC invocations=8 (full 2):
 PSYoungGen      total 84480K, used 26610K [0x00000000eaa80000, 0x00000000f5480000, 0x0000000100000000)
  eden space 57856K, 0% used [0x00000000eaa80000,0x00000000eaa80000,0x00000000ee300000)
  from space 26624K, 99% used [0x00000000f0880000,0x00000000f227cb98,0x00000000f2280000)
  to   space 38400K, 0% used [0x00000000ee300000,0x00000000ee300000,0x00000000f0880000)
 ParOldGen       total 84992K, used 65513K [0x00000000c0000000, 0x00000000c5300000, 0x00000000eaa80000)
  object space 84992K, 77% used [0x00000000c0000000,0x00000000c3ffa5f8,0x00000000c5300000)
 PSPermGen       total 21504K, used 5535K [0x00000000bae00000, 0x00000000bc300000, 0x00000000c0000000)
  object space 21504K, 25% used [0x00000000bae00000,0x00000000bb367d40,0x00000000bc300000)
Event: 15,229 GC heap after
Heap after GC invocations=8 (full 2):
 PSYoungGen      total 84480K, used 0K [0x00000000eaa80000, 0x00000000f5480000, 0x0000000100000000)
  eden space 57856K, 0% used [0x00000000eaa80000,0x00000000eaa80000,0x00000000ee300000)
  from space 26624K, 0% used [0x00000000f0880000,0x00000000f0880000,0x00000000f2280000)
  to   space 38400K, 0% used [0x00000000ee300000,0x00000000ee300000,0x00000000f0880000)
 ParOldGen       total 102912K, used 48235K [0x00000000c0000000, 0x00000000c6480000, 0x00000000eaa80000)
  object space 102912K, 46% used [0x00000000c0000000,0x00000000c2f1acf8,0x00000000c6480000)
 PSPermGen       total 21504K, used 5534K [0x00000000bae00000, 0x00000000bc300000, 0x00000000c0000000)
  object space 21504K, 25% used [0x00000000bae00000,0x00000000bb367940,0x00000000bc300000)
}
Event: 19,022 GC heap before
{Heap before GC invocations=9 (full 2):
 PSYoungGen      total 84480K, used 57856K [0x00000000eaa80000, 0x00000000f5480000, 0x0000000100000000)
  eden space 57856K, 100% used [0x00000000eaa80000,0x00000000ee300000,0x00000000ee300000)
  from space 26624K, 0% used [0x00000000f0880000,0x00000000f0880000,0x00000000f2280000)
  to   space 38400K, 0% used [0x00000000ee300000,0x00000000ee300000,0x00000000f0880000)
 ParOldGen       total 102912K, used 48235K [0x00000000c0000000, 0x00000000c6480000, 0x00000000eaa80000)
  object space 102912K, 46% used [0x00000000c0000000,0x00000000c2f1acf8,0x00000000c6480000)
 PSPermGen       total 21504K, used 5549K [0x00000000bae00000, 0x00000000bc300000, 0x00000000c0000000)
  object space 21504K, 25% used [0x00000000bae00000,0x00000000bb36b5c8,0x00000000bc300000)
Event: 19,169 GC heap after
Heap after GC invocations=9 (full 2):
 PSYoungGen      total 96256K, used 17956K [0x00000000eaa80000, 0x00000000f4a00000, 0x0000000100000000)
  eden space 57856K, 0% used [0x00000000eaa80000,0x00000000eaa80000,0x00000000ee300000)
  from space 38400K, 46% used [0x00000000ee300000,0x00000000ef489310,0x00000000f0880000)
  to   space 35840K, 0% used [0x00000000f2700000,0x00000000f2700000,0x00000000f4a00000)
 ParOldGen       total 102912K, used 48235K [0x00000000c0000000, 0x00000000c6480000, 0x00000000eaa80000)
  object space 102912K, 46% used [0x00000000c0000000,0x00000000c2f1acf8,0x00000000c6480000)
 PSPermGen       total 21504K, used 5549K [0x00000000bae00000, 0x00000000bc300000, 0x00000000c0000000)
  object space 21504K, 25% used [0x00000000bae00000,0x00000000bb36b5c8,0x00000000bc300000)
}
Event: 19,491 GC heap before
{Heap before GC invocations=10 (full 2):
 PSYoungGen      total 96256K, used 75812K [0x00000000eaa80000, 0x00000000f4a00000, 0x0000000100000000)
  eden space 57856K, 100% used [0x00000000eaa80000,0x00000000ee300000,0x00000000ee300000)
  from space 38400K, 46% used [0x00000000ee300000,0x00000000ef489310,0x00000000f0880000)
  to   space 35840K, 0% used [0x00000000f2700000,0x00000000f2700000,0x00000000f4a00000)
 ParOldGen       total 102912K, used 48235K [0x00000000c0000000, 0x00000000c6480000, 0x00000000eaa80000)
  object space 102912K, 46% used [0x00000000c0000000,0x00000000c2f1acf8,0x00000000c6480000)
 PSPermGen       total 21504K, used 5549K [0x00000000bae00000, 0x00000000bc300000, 0x00000000c0000000)
  object space 21504K, 25% used [0x00000000bae00000,0x00000000bb36b5c8,0x00000000bc300000)
Event: 19,730 GC heap after
Heap after GC invocations=10 (full 2):
 PSYoungGen      total 115712K, used 35835K [0x00000000eaa80000, 0x00000000f6980000, 0x0000000100000000)
  eden space 79872K, 0% used [0x00000000eaa80000,0x00000000eaa80000,0x00000000ef880000)
  from space 35840K, 99% used [0x00000000f2700000,0x00000000f49fef58,0x00000000f4a00000)
  to   space 47616K, 0% used [0x00000000ef880000,0x00000000ef880000,0x00000000f2700000)
 ParOldGen       total 102912K, used 61485K [0x00000000c0000000, 0x00000000c6480000, 0x00000000eaa80000)
  object space 102912K, 59% used [0x00000000c0000000,0x00000000c3c0b5f8,0x00000000c6480000)
 PSPermGen       total 21504K, used 5549K [0x00000000bae00000, 0x00000000bc300000, 0x00000000c0000000)
  object space 21504K, 25% used [0x00000000bae00000,0x00000000bb36b5c8,0x00000000bc300000)
}
Event: 23,256 GC heap before
{Heap before GC invocations=11 (full 2):
 PSYoungGen      total 115712K, used 115707K [0x00000000eaa80000, 0x00000000f6980000, 0x0000000100000000)
  eden space 79872K, 100% used [0x00000000eaa80000,0x00000000ef880000,0x00000000ef880000)
  from space 35840K, 99% used [0x00000000f2700000,0x00000000f49fef58,0x00000000f4a00000)
  to   space 47616K, 0% used [0x00000000ef880000,0x00000000ef880000,0x00000000f2700000)
 ParOldGen       total 102912K, used 61485K [0x00000000c0000000, 0x00000000c6480000, 0x00000000eaa80000)
  object space 102912K, 59% used [0x00000000c0000000,0x00000000c3c0b5f8,0x00000000c6480000)
 PSPermGen       total 21504K, used 5568K [0x00000000bae00000, 0x00000000bc300000, 0x00000000c0000000)
  object space 21504K, 25% used [0x00000000bae00000,0x00000000bb370218,0x00000000bc300000)

