# JRE version: Java(TM) SE Runtime Environment (7.0_80-b15) (build 1.7.0_80-b15)
# Java VM: Java HotSpot(TM) 64-Bit Server VM (24.80-b11 mixed mode linux-amd64 compressed oops)
Heap
 PSYoungGen      total 136704K, used 10738K [0x00000000eaa80000, 0x00000000f3b80000, 0x0000000100000000)
  eden space 125952K, 0% used [0x00000000eaa80000,0x00000000eaa80000,0x00000000f2580000)
  from space 10752K, 99% used [0x00000000f2580000,0x00000000f2ffc8b0,0x00000000f3000000)
  to   space 9728K, 0% used [0x00000000f3000000,0x00000000f3000000,0x00000000f3980000)
 ParOldGen       total 39424K, used 25719K [0x00000000c0000000, 0x00000000c2680000, 0x00000000eaa80000)
  object space 39424K, 65% used [0x00000000c0000000,0x00000000c191dca8,0x00000000c2680000)
 PSPermGen       total 21504K, used 7319K [0x00000000bae00000, 0x00000000bc300000, 0x00000000c0000000)
  object space 21504K, 34% used [0x00000000bae00000,0x00000000bb525e68,0x00000000bc300000)
GC Heap History (10 events):
Event: 2,398 GC heap after
Heap after GC invocations=4 (full 0):
 PSYoungGen      total 33792K, used 2033K [0x00000000eaa80000, 0x00000000ecd80000, 0x0000000100000000)
  eden space 31744K, 0% used [0x00000000eaa80000,0x00000000eaa80000,0x00000000ec980000)
  from space 2048K, 99% used [0x00000000ecb80000,0x00000000ecd7c6e0,0x00000000ecd80000)
  to   space 2048K, 0% used [0x00000000ec980000,0x00000000ec980000,0x00000000ecb80000)
 ParOldGen       total 39424K, used 11439K [0x00000000c0000000, 0x00000000c2680000, 0x00000000eaa80000)
  object space 39424K, 29% used [0x00000000c0000000,0x00000000c0b2bdc8,0x00000000c2680000)
 PSPermGen       total 21504K, used 5551K [0x00000000bae00000, 0x00000000bc300000, 0x00000000c0000000)
  object space 21504K, 25% used [0x00000000bae00000,0x00000000bb36bef8,0x00000000bc300000)
}
Event: 9,674 GC heap before
{Heap before GC invocations=5 (full 0):
 PSYoungGen      total 33792K, used 33777K [0x00000000eaa80000, 0x00000000ecd80000, 0x0000000100000000)
  eden space 31744K, 100% used [0x00000000eaa80000,0x00000000ec980000,0x00000000ec980000)
  from space 2048K, 99% used [0x00000000ecb80000,0x00000000ecd7c6e0,0x00000000ecd80000)
  to   space 2048K, 0% used [0x00000000ec980000,0x00000000ec980000,0x00000000ecb80000)
 ParOldGen       total 39424K, used 11439K [0x00000000c0000000, 0x00000000c2680000, 0x00000000eaa80000)
  object space 39424K, 29% used [0x00000000c0000000,0x00000000c0b2bdc8,0x00000000c2680000)
 PSPermGen       total 21504K, used 7120K [0x00000000bae00000, 0x00000000bc300000, 0x00000000c0000000)
  object space 21504K, 33% used [0x00000000bae00000,0x00000000bb4f41b0,0x00000000bc300000)
Event: 9,704 GC heap after
Heap after GC invocations=5 (full 0):
 PSYoungGen      total 33792K, used 2016K [0x00000000eaa80000, 0x00000000efc80000, 0x0000000100000000)
  eden space 31744K, 0% used [0x00000000eaa80000,0x00000000eaa80000,0x00000000ec980000)
  from space 2048K, 98% used [0x00000000ec980000,0x00000000ecb78018,0x00000000ecb80000)
  to   space 10240K, 0% used [0x00000000ef280000,0x00000000ef280000,0x00000000efc80000)
 ParOldGen       total 39424K, used 19636K [0x00000000c0000000, 0x00000000c2680000, 0x00000000eaa80000)
  object space 39424K, 49% used [0x00000000c0000000,0x00000000c132d120,0x00000000c2680000)
 PSPermGen       total 21504K, used 7120K [0x00000000bae00000, 0x00000000bc300000, 0x00000000c0000000)
  object space 21504K, 33% used [0x00000000bae00000,0x00000000bb4f41b0,0x00000000bc300000)
}
Event: 10,506 GC heap before
{Heap before GC invocations=6 (full 0):
 PSYoungGen      total 33792K, used 33760K [0x00000000eaa80000, 0x00000000efc80000, 0x0000000100000000)
  eden space 31744K, 100% used [0x00000000eaa80000,0x00000000ec980000,0x00000000ec980000)
  from space 2048K, 98% used [0x00000000ec980000,0x00000000ecb78018,0x00000000ecb80000)
  to   space 10240K, 0% used [0x00000000ef280000,0x00000000ef280000,0x00000000efc80000)
 ParOldGen       total 39424K, used 19636K [0x00000000c0000000, 0x00000000c2680000, 0x00000000eaa80000)
  object space 39424K, 49% used [0x00000000c0000000,0x00000000c132d120,0x00000000c2680000)
 PSPermGen       total 21504K, used 7191K [0x00000000bae00000, 0x00000000bc300000, 0x00000000c0000000)
  object space 21504K, 33% used [0x00000000bae00000,0x00000000bb505e98,0x00000000bc300000)
Event: 10,533 GC heap after
Heap after GC invocations=6 (full 0):
 PSYoungGen      total 72704K, used 3757K [0x00000000eaa80000, 0x00000000efb80000, 0x0000000100000000)
  eden space 63488K, 0% used [0x00000000eaa80000,0x00000000eaa80000,0x00000000ee880000)
  from space 9216K, 40% used [0x00000000ef280000,0x00000000ef62b6f8,0x00000000efb80000)
  to   space 9728K, 0% used [0x00000000ee880000,0x00000000ee880000,0x00000000ef200000)
 ParOldGen       total 39424K, used 19636K [0x00000000c0000000, 0x00000000c2680000, 0x00000000eaa80000)
  object space 39424K, 49% used [0x00000000c0000000,0x00000000c132d120,0x00000000c2680000)
 PSPermGen       total 21504K, used 7191K [0x00000000bae00000, 0x00000000bc300000, 0x00000000c0000000)
  object space 21504K, 33% used [0x00000000bae00000,0x00000000bb505e98,0x00000000bc300000)
}
Event: 16,274 GC heap before
{Heap before GC invocations=7 (full 0):
 PSYoungGen      total 72704K, used 67245K [0x00000000eaa80000, 0x00000000efb80000, 0x0000000100000000)
  eden space 63488K, 100% used [0x00000000eaa80000,0x00000000ee880000,0x00000000ee880000)
  from space 9216K, 40% used [0x00000000ef280000,0x00000000ef62b6f8,0x00000000efb80000)
  to   space 9728K, 0% used [0x00000000ee880000,0x00000000ee880000,0x00000000ef200000)
 ParOldGen       total 39424K, used 19636K [0x00000000c0000000, 0x00000000c2680000, 0x00000000eaa80000)
  object space 39424K, 49% used [0x00000000c0000000,0x00000000c132d120,0x00000000c2680000)
 PSPermGen       total 21504K, used 7308K [0x00000000bae00000, 0x00000000bc300000, 0x00000000c0000000)
  object space 21504K, 33% used [0x00000000bae00000,0x00000000bb523198,0x00000000bc300000)
Event: 16,294 GC heap after
Heap after GC invocations=7 (full 0):
 PSYoungGen      total 73216K, used 3810K [0x00000000eaa80000, 0x00000000f3980000, 0x0000000100000000)
  eden space 63488K, 0% used [0x00000000eaa80000,0x00000000eaa80000,0x00000000ee880000)
  from space 9728K, 39% used [0x00000000ee880000,0x00000000eec38940,0x00000000ef200000)
  to   space 9728K, 0% used [0x00000000f3000000,0x00000000f3000000,0x00000000f3980000)
 ParOldGen       total 39424K, used 20298K [0x00000000c0000000, 0x00000000c2680000, 0x00000000eaa80000)
  object space 39424K, 51% used [0x00000000c0000000,0x00000000c13d2980,0x00000000c2680000)
 PSPermGen       total 21504K, used 7308K [0x00000000bae00000, 0x00000000bc300000, 0x00000000c0000000)
  object space 21504K, 33% used [0x00000000bae00000,0x00000000bb523198,0x00000000bc300000)
}
Event: 16,791 GC heap before
{Heap before GC invocations=8 (full 0):
 PSYoungGen      total 73216K, used 67298K [0x00000000eaa80000, 0x00000000f3980000, 0x0000000100000000)
  eden space 63488K, 100% used [0x00000000eaa80000,0x00000000ee880000,0x00000000ee880000)
  from space 9728K, 39% used [0x00000000ee880000,0x00000000eec38940,0x00000000ef200000)
  to   space 9728K, 0% used [0x00000000f3000000,0x00000000f3000000,0x00000000f3980000)
 ParOldGen       total 39424K, used 20298K [0x00000000c0000000, 0x00000000c2680000, 0x00000000eaa80000)
  object space 39424K, 51% used [0x00000000c0000000,0x00000000c13d2980,0x00000000c2680000)
 PSPermGen       total 21504K, used 7316K [0x00000000bae00000, 0x00000000bc300000, 0x00000000c0000000)
  object space 21504K, 34% used [0x00000000bae00000,0x00000000bb525278,0x00000000bc300000)
Event: 16,856 GC heap after
Heap after GC invocations=8 (full 0):
 PSYoungGen      total 135680K, used 8400K [0x00000000eaa80000, 0x00000000f3b80000, 0x0000000100000000)
  eden space 125952K, 0% used [0x00000000eaa80000,0x00000000eaa80000,0x00000000f2580000)
  from space 9728K, 86% used [0x00000000f3000000,0x00000000f3834328,0x00000000f3980000)
  to   space 10752K, 0% used [0x00000000f2580000,0x00000000f2580000,0x00000000f3000000)
 ParOldGen       total 39424K, used 24008K [0x00000000c0000000, 0x00000000c2680000, 0x00000000eaa80000)
  object space 39424K, 60% used [0x00000000c0000000,0x00000000c1772090,0x00000000c2680000)
 PSPermGen       total 21504K, used 7316K [0x00000000bae00000, 0x00000000bc300000, 0x00000000c0000000)
  object space 21504K, 34% used [0x00000000bae00000,0x00000000bb525278,0x00000000bc300000)
}
Event: 21,080 GC heap before
{Heap before GC invocations=9 (full 0):
 PSYoungGen      total 135680K, used 134352K [0x00000000eaa80000, 0x00000000f3b80000, 0x0000000100000000)
  eden space 125952K, 100% used [0x00000000eaa80000,0x00000000f2580000,0x00000000f2580000)
  from space 9728K, 86% used [0x00000000f3000000,0x00000000f3834328,0x00000000f3980000)
  to   space 10752K, 0% used [0x00000000f2580000,0x00000000f2580000,0x00000000f3000000)
 ParOldGen       total 39424K, used 24008K [0x00000000c0000000, 0x00000000c2680000, 0x00000000eaa80000)
  object space 39424K, 60% used [0x00000000c0000000,0x00000000c1772090,0x00000000c2680000)
 PSPermGen       total 21504K, used 7319K [0x00000000bae00000, 0x00000000bc300000, 0x00000000c0000000)
  object space 21504K, 34% used [0x00000000bae00000,0x00000000bb525e68,0x00000000bc300000)

